<?xml version="1.0" encoding="UTF-8"?>
<testng-results ignored="0" total="2" passed="2" failed="0" skipped="0">
  <reporter-output>
  </reporter-output>
  <suite started-at="2024-05-15T23:37:25 IST" name="Suite" finished-at="2024-05-15T23:38:56 IST" duration-ms="90840">
    <groups>
    </groups>
    <test started-at="2024-05-15T23:37:25 IST" name="Test" finished-at="2024-05-15T23:38:56 IST" duration-ms="90840">
      <class name="Axess_Technology.Dominos.Dominos_Test">
        <test-method signature="testOnBrowser(java.lang.String)[pri:0, instance:Axess_Technology.Dominos.Dominos_Test@6c1a5b54]" started-at="2024-05-15T23:37:25 IST" name="testOnBrowser" finished-at="2024-05-15T23:38:27 IST" duration-ms="61954" status="PASS">
          <params>
            <param index="0">
              <value>
                <![CDATA[edge]]>
              </value>
            </param>
          </params>
          <reporter-output>
          </reporter-output>
        </test-method> <!-- testOnBrowser -->
        <test-method signature="dominos_Order()[pri:1, instance:Axess_Technology.Dominos.Dominos_Test@6c1a5b54]" started-at="2024-05-15T23:38:27 IST" name="dominos_Order" finished-at="2024-05-15T23:38:56 IST" duration-ms="28825" status="PASS">
          <reporter-output>
          </reporter-output>
        </test-method> <!-- dominos_Order -->
      </class> <!-- Axess_Technology.Dominos.Dominos_Test -->
    </test> <!-- Test -->
  </suite> <!-- Suite -->
</testng-results>
